<?xml version="1.0" encoding="UTF-8"?>
<testng-results ignored="0" total="1" passed="1" failed="0" skipped="0">
  <reporter-output>
  </reporter-output>
  <suite started-at="2020-06-30T22:13:34 IST" name="Default suite" finished-at="2020-06-30T22:14:05 IST" duration-ms="30876">
    <groups>
    </groups>
    <test started-at="2020-06-30T22:13:34 IST" name="Default test" finished-at="2020-06-30T22:14:05 IST" duration-ms="30876">
      <class name="com.training.sanity.tests.deleteCustomerList">
        <test-method is-config="true" signature="setUpBeforeClass()[pri:0, instance:com.training.sanity.tests.deleteCustomerList@33afa13b]" started-at="2020-06-30T22:13:34 IST" name="setUpBeforeClass" finished-at="2020-06-30T22:13:34 IST" duration-ms="9" status="PASS">
          <reporter-output>
          </reporter-output>
        </test-method> <!-- setUpBeforeClass -->
        <test-method is-config="true" signature="setUp()[pri:0, instance:com.training.sanity.tests.deleteCustomerList@33afa13b]" started-at="2020-06-30T22:13:34 IST" name="setUp" finished-at="2020-06-30T22:13:47 IST" duration-ms="13140" status="PASS">
          <reporter-output>
          </reporter-output>
        </test-method> <!-- setUp -->
        <test-method signature="validLoginTest()[pri:0, instance:com.training.sanity.tests.deleteCustomerList@33afa13b]" started-at="2020-06-30T22:13:47 IST" name="validLoginTest" finished-at="2020-06-30T22:14:03 IST" duration-ms="15763" status="PASS">
          <reporter-output>
          </reporter-output>
        </test-method> <!-- validLoginTest -->
        <test-method is-config="true" signature="tearDown()[pri:0, instance:com.training.sanity.tests.deleteCustomerList@33afa13b]" started-at="2020-06-30T22:14:03 IST" name="tearDown" finished-at="2020-06-30T22:14:05 IST" duration-ms="1916" status="PASS">
          <reporter-output>
          </reporter-output>
        </test-method> <!-- tearDown -->
      </class> <!-- com.training.sanity.tests.deleteCustomerList -->
    </test> <!-- Default test -->
  </suite> <!-- Default suite -->
</testng-results>
