<?xml version="1.0" encoding="UTF-8"?>
<testng-results ignored="0" total="1" passed="1" failed="0" skipped="0">
  <reporter-output>
  </reporter-output>
  <suite started-at="2020-07-07T11:55:15 IST" name="Default suite" finished-at="2020-07-07T11:55:42 IST" duration-ms="27377">
    <groups>
    </groups>
    <test started-at="2020-07-07T11:55:15 IST" name="Default test" finished-at="2020-07-07T11:55:42 IST" duration-ms="27377">
      <class name="com.training.sanity.tests.filterCustomerList">
        <test-method is-config="true" signature="setUpBeforeClass()[pri:0, instance:com.training.sanity.tests.filterCustomerList@7a4ccb53]" started-at="2020-07-07T11:55:15 IST" name="setUpBeforeClass" finished-at="2020-07-07T11:55:15 IST" duration-ms="9" status="PASS">
          <reporter-output>
          </reporter-output>
        </test-method> <!-- setUpBeforeClass -->
        <test-method is-config="true" signature="setUp()[pri:0, instance:com.training.sanity.tests.filterCustomerList@7a4ccb53]" started-at="2020-07-07T11:55:15 IST" name="setUp" finished-at="2020-07-07T11:55:27 IST" duration-ms="12201" status="PASS">
          <reporter-output>
          </reporter-output>
        </test-method> <!-- setUp -->
        <test-method signature="LoginTest()[pri:0, instance:com.training.sanity.tests.filterCustomerList@7a4ccb53]" started-at="2020-07-07T11:55:27 IST" name="LoginTest" finished-at="2020-07-07T11:55:40 IST" duration-ms="12993" status="PASS">
          <reporter-output>
          </reporter-output>
        </test-method> <!-- LoginTest -->
        <test-method is-config="true" signature="tearDown()[pri:0, instance:com.training.sanity.tests.filterCustomerList@7a4ccb53]" started-at="2020-07-07T11:55:40 IST" name="tearDown" finished-at="2020-07-07T11:55:42 IST" duration-ms="2121" status="PASS">
          <reporter-output>
          </reporter-output>
        </test-method> <!-- tearDown -->
      </class> <!-- com.training.sanity.tests.filterCustomerList -->
    </test> <!-- Default test -->
  </suite> <!-- Default suite -->
</testng-results>
